<?xml version="1.0" encoding="UTF-8"?>
<!-- Generated by org.testng.reporters.JUnitXMLReporter -->
<testsuite ignored="6" hostname="MacBook-Air.local" failures="0" tests="32" name="Test" time="20931.088" errors="0" timestamp="2023-08-21T06:23:26 IST">
  <testcase classname="com.createIncident.ios.CreateIncident_120" name="ts01incident" time="1130.772"/>
  <testcase classname="com.createIncident.ios.CreateIncident_120" name="ts02incident" time="816.187"/>
  <testcase classname="com.createIncident.ios.CreateIncident_120" name="ts03incident" time="1180.021"/>
  <testcase classname="com.createIncident.ios.CreateIncident_120" name="ts04incident" time="383.113"/>
  <testcase classname="com.createIncident.ios.CreateIncident_120" name="ts05incident" time="232.57"/>
  <testcase classname="com.createIncident.ios.CreateIncident_120" name="ts06incident" time="402.968"/>
  <testcase classname="com.createIncident.ios.CreateIncident_120" name="ts07incident" time="449.917"/>
  <testcase classname="com.createIncident.ios.CreateIncident_120" name="ts08incident" time="494.363"/>
  <testcase classname="com.createIncident.ios.CreateIncident_121" name="ts01incident" time="1299.803"/>
  <testcase classname="com.createIncident.ios.CreateIncident_121" name="ts02incident" time="842.361"/>
  <testcase classname="com.createIncident.ios.CreateIncident_121" name="ts03incident" time="1177.452"/>
  <testcase classname="com.createIncident.ios.CreateIncident_121" name="ts04incident" time="378.354"/>
  <testcase classname="com.createIncident.ios.CreateIncident_121" name="ts05incident" time="229.432"/>
  <testcase classname="com.createIncident.ios.CreateIncident_121" name="ts06incident" time="394.509"/>
  <testcase classname="com.createIncident.ios.CreateIncident_121" name="ts07incident" time="450.906"/>
  <testcase classname="com.createIncident.ios.CreateIncident_121" name="ts08incident" time="494.275"/>
  <testcase classname="com.createIncident.ios.CreateIncident_122" name="ts01incident" time="1282.661"/>
  <testcase classname="com.createIncident.ios.CreateIncident_122" name="ts02incident" time="805.852"/>
  <testcase classname="com.createIncident.ios.CreateIncident_122" name="ts03incident" time="1164.505"/>
  <testcase classname="com.createIncident.ios.CreateIncident_122" name="ts04incident" time="354.448"/>
  <testcase classname="com.createIncident.ios.CreateIncident_122" name="ts05incident" time="223.109"/>
  <testcase classname="com.createIncident.ios.CreateIncident_122" name="ts06incident" time="398.882"/>
  <testcase classname="com.createIncident.ios.CreateIncident_122" name="ts07incident" time="448.149"/>
  <testcase classname="com.createIncident.ios.CreateIncident_122" name="ts08incident" time="500.957"/>
  <testcase classname="com.createIncident.ios.CreateIncident_123" name="ts01incident" time="1245.85"/>
  <testcase classname="com.createIncident.ios.CreateIncident_123" name="ts02incident" time="806.361"/>
  <testcase classname="com.createIncident.ios.CreateIncident_123" name="ts03incident" time="1177.889"/>
  <testcase classname="com.createIncident.ios.CreateIncident_123" name="ts04incident" time="356.016"/>
  <testcase classname="com.createIncident.ios.CreateIncident_123" name="ts05incident" time="222.021"/>
  <testcase classname="com.createIncident.ios.CreateIncident_123" name="ts06incident" time="398.36"/>
  <testcase classname="com.createIncident.ios.CreateIncident_123" name="ts07incident" time="456.583"/>
  <testcase classname="com.createIncident.ios.CreateIncident_123" name="ts08incident" time="497.397"/>
  <testcase classname="Base.BaseTest" name="@BeforeSuite beforeSuite" time="0.0">
    <ignored/>
  </testcase> <!-- @BeforeSuite beforeSuite -->
  <testcase classname="Base.BaseTest" name="@BeforeSuite beforeSuite" time="0.0">
    <ignored/>
  </testcase> <!-- @BeforeSuite beforeSuite -->
  <testcase classname="Base.BaseTest" name="@BeforeSuite beforeSuite" time="0.0">
    <ignored/>
  </testcase> <!-- @BeforeSuite beforeSuite -->
  <testcase classname="Base.BaseTest" name="@AfterSuite Kill" time="0.0">
    <ignored/>
  </testcase> <!-- @AfterSuite Kill -->
  <testcase classname="Base.BaseTest" name="@AfterSuite Kill" time="0.0">
    <ignored/>
  </testcase> <!-- @AfterSuite Kill -->
  <testcase classname="Base.BaseTest" name="@AfterSuite Kill" time="0.0">
    <ignored/>
  </testcase> <!-- @AfterSuite Kill -->
</testsuite> <!-- Test -->
